[   2000]    3.0s  rate=  669/s  try=601741
[   4000]    5.7s  rate=  697/s  try=954940
[   6000]    8.5s  rate=  703/s  try=417356
[   8000]   11.3s  rate=  708/s  try=254347
[  10000]   13.8s  rate=  724/s  try=794220
[  12000]   16.6s  rate=  721/s  try=213570
[  14000]   19.4s  rate=  722/s  try=307398
[  16000]   22.0s  rate=  726/s  try=862061
[  18000]   24.7s  rate=  728/s  try=560440
[  20000]   27.4s  rate=  730/s  try=585997
[  22000]   30.2s  rate=  728/s  try=722575
[  24000]   32.9s  rate=  729/s  try=850307
[  26000]   35.8s  rate=  727/s  try=408570
[  28000]   38.7s  rate=  723/s  try=523571
[  30000]   41.5s  rate=  723/s  try=298018
[  32000]   44.1s  rate=  725/s  try=142715
[  34000]   47.0s  rate=  723/s  try=287780
[  36000]   49.7s  rate=  724/s  try=088886
[  38000]   53.0s  rate=  717/s  try=495343
[  40000]   56.1s  rate=  713/s  try=170936
[  42000]   59.3s  rate=  708/s  try=791301
[  44000]   62.4s  rate=  705/s  try=758179
[  46000]   65.5s  rate=  703/s  try=357608
[  48000]   68.6s  rate=  700/s  try=186621
[  50000]   71.3s  rate=  701/s  try=600741
[  52000]   74.1s  rate=  702/s  try=831475
[  54000]   76.9s  rate=  703/s  try=700866
[  56000]   80.1s  rate=  699/s  try=236167
[  58000]   82.9s  rate=  700/s  try=677458
[  60000]   85.9s  rate=  699/s  try=807647
[  62000]   88.7s  rate=  699/s  try=333737
[  64000]   91.6s  rate=  699/s  try=483285
[  66000]   94.2s  rate=  700/s  try=005089
[  68000]   96.9s  rate=  702/s  try=522872
[  70000]   99.7s  rate=  702/s  try=000572
[  72000]  102.4s  rate=  703/s  try=433396
[  74000]  105.2s  rate=  703/s  try=328646
[  76000]  108.0s  rate=  704/s  try=659612
[  78000]  110.7s  rate=  705/s  try=872399
[  80000]  113.7s  rate=  704/s  try=719706
[  82000]  116.8s  rate=  702/s  try=381589
[  84000]  119.7s  rate=  702/s  try=554348
[  86000]  122.3s  rate=  703/s  try=161202
[  88000]  125.2s  rate=  703/s  try=466091
[  90000]  128.0s  rate=  703/s  try=142822
[  92000]  130.9s  rate=  703/s  try=241305
[  94000]  133.6s  rate=  703/s  try=519252
[  96000]  136.4s  rate=  704/s  try=826755
[  98000]  139.2s  rate=  704/s  try=495191
[ 100000]  142.0s  rate=  704/s  try=116021
[ 102000]  144.6s  rate=  705/s  try=483314
[ 104000]  147.3s  rate=  706/s  try=655448
[ 106000]  150.1s  rate=  706/s  try=970728
[ 108000]  152.9s  rate=  706/s  try=920915
[ 110000]  155.7s  rate=  707/s  try=262321
[ 112000]  158.4s  rate=  707/s  try=816355
[ 114000]  161.9s  rate=  704/s  try=867123
[ 116000]  165.0s  rate=  703/s  try=471282
[ 118000]  167.8s  rate=  703/s  try=806980
[ 120000]  170.6s  rate=  704/s  try=101643
[ 122000]  173.3s  rate=  704/s  try=315309
[ 124000]  176.2s  rate=  704/s  try=294168
[ 126000]  178.9s  rate=  704/s  try=859319
[ 128000]  181.5s  rate=  705/s  try=987594
[ 130000]  184.4s  rate=  705/s  try=883494
[ 132000]  187.2s  rate=  705/s  try=709836
[ 134000]  190.2s  rate=  705/s  try=798202
[ 136000]  193.0s  rate=  705/s  try=241714
[ 138000]  196.1s  rate=  704/s  try=750724
[ 140000]  199.0s  rate=  703/s  try=157257
[ 142000]  201.9s  rate=  703/s  try=275814
[ 144000]  204.6s  rate=  704/s  try=018874
[ 146000]  207.4s  rate=  704/s  try=433839
[ 148000]  210.2s  rate=  704/s  try=172885
[ 150000]  212.8s  rate=  705/s  try=448417
[ 152000]  215.5s  rate=  705/s  try=042434
[ 154000]  218.5s  rate=  705/s  try=082424
[ 156000]  221.9s  rate=  703/s  try=936694
[ 158000]  224.1s  rate=  705/s  try=958853
[ 160000]  226.2s  rate=  707/s  try=559955
[ 162000]  228.7s  rate=  708/s  try=465687
[ 164000]  232.2s  rate=  706/s  try=620683
[ 166000]  235.8s  rate=  704/s  try=663660
[ 168000]  239.8s  rate=  700/s  try=042660
[ 170000]  243.5s  rate=  698/s  try=363759
[ 172000]  247.3s  rate=  696/s  try=595275
[ 174000]  251.0s  rate=  693/s  try=320443
[ 176000]  255.0s  rate=  690/s  try=580668
[ 178000]  258.3s  rate=  689/s  try=833397
[ 180000]  262.1s  rate=  687/s  try=539122
[ 182000]  265.9s  rate=  685/s  try=707268
[ 184000]  269.9s  rate=  682/s  try=553271
[ 186000]  273.6s  rate=  680/s  try=649261
[ 188000]  276.9s  rate=  679/s  try=158270
[ 190000]  280.4s  rate=  678/s  try=425547
[ 192000]  283.7s  rate=  677/s  try=468471
[ 194000]  287.5s  rate=  675/s  try=895503
[ 196000]  291.2s  rate=  673/s  try=514470
[ 198000]  294.9s  rate=  671/s  try=841360
[ 200000]  298.4s  rate=  670/s  try=869290
[ 202000]  302.2s  rate=  668/s  try=563227
[ 204000]  306.1s  rate=  666/s  try=012095
[ 206000]  309.8s  rate=  665/s  try=606553
[ 208000]  313.5s  rate=  663/s  try=176203
[ 210000]  317.7s  rate=  661/s  try=947634
[ 212000]  321.3s  rate=  660/s  try=734952
[ 214000]  325.5s  rate=  657/s  try=352139
[ 216000]  329.3s  rate=  656/s  try=471370
[ 218000]  333.0s  rate=  655/s  try=464506
[ 220000]  336.2s  rate=  654/s  try=995687
[ 222000]  339.6s  rate=  654/s  try=189413
[ 224000]  342.8s  rate=  653/s  try=439604
[ 226000]  346.3s  rate=  653/s  try=036798
[ 228000]  349.7s  rate=  652/s  try=617220
[ 230000]  353.4s  rate=  651/s  try=963039
[ 232000]  357.3s  rate=  649/s  try=791566
[ 234000]  362.2s  rate=  646/s  try=019730
[ 236000]  367.5s  rate=  642/s  try=817217
[ 238000]  372.6s  rate=  639/s  try=947640
[ 240000]  376.7s  rate=  637/s  try=236116
[ 242000]  381.0s  rate=  635/s  try=684337
[ 244000]  384.7s  rate=  634/s  try=208954
[ 246000]  388.5s  rate=  633/s  try=773925
[ 248000]  392.9s  rate=  631/s  try=779434
[ 250000]  397.1s  rate=  630/s  try=357928
[ 252000]  401.5s  rate=  628/s  try=891038
[ 254000]  405.6s  rate=  626/s  try=740270
[ 256000]  409.0s  rate=  626/s  try=308064
[ 258000]  412.6s  rate=  625/s  try=696406
[ 260000]  416.5s  rate=  624/s  try=338488
[ 262000]  420.5s  rate=  623/s  try=979318
[ 264000]  424.6s  rate=  622/s  try=917390
[ 266000]  428.4s  rate=  621/s  try=785086
[ 268000]  432.7s  rate=  619/s  try=877578
[ 270000]  436.8s  rate=  618/s  try=301668
[ 272000]  441.5s  rate=  616/s  try=307335
[ 274000]  445.8s  rate=  615/s  try=623064
[ 276000]  449.8s  rate=  614/s  try=927959
[ 278000]  454.2s  rate=  612/s  try=913893
[ 280000]  458.1s  rate=  611/s  try=869348
[ 282000]  462.3s  rate=  610/s  try=480236
[ 284000]  466.8s  rate=  608/s  try=449733
[ 286000]  471.7s  rate=  606/s  try=430509
[ 288000]  476.0s  rate=  605/s  try=654697
[ 290000]  480.0s  rate=  604/s  try=862877
[ 292000]  483.8s  rate=  604/s  try=579005
[ 294000]  488.3s  rate=  602/s  try=757951
[ 296000]  492.5s  rate=  601/s  try=503900
[ 298000]  496.9s  rate=  600/s  try=707077
[ 300000]  500.7s  rate=  599/s  try=470331
[ 302000]  504.9s  rate=  598/s  try=922229
[ 304000]  509.0s  rate=  597/s  try=705181
[ 306000]  513.1s  rate=  596/s  try=649129
[ 308000]  517.1s  rate=  596/s  try=402808
[ 310000]  521.1s  rate=  595/s  try=538349
[ 312000]  524.7s  rate=  595/s  try=089724
[ 314000]  528.8s  rate=  594/s  try=309720
[ 316000]  532.7s  rate=  593/s  try=346384
[ 318000]  536.3s  rate=  593/s  try=060939
[ 320000]  540.2s  rate=  592/s  try=055906
[ 322000]  543.9s  rate=  592/s  try=880271
[ 324000]  547.6s  rate=  592/s  try=923010
[ 326000]  551.2s  rate=  591/s  try=360337
[ 328000]  555.2s  rate=  591/s  try=777397
[ 330000]  558.9s  rate=  590/s  try=278115
[ 332000]  562.9s  rate=  590/s  try=781393
[ 334000]  566.8s  rate=  589/s  try=302540
[ 336000]  570.8s  rate=  589/s  try=450329
[ 338000]  574.6s  rate=  588/s  try=613339
[ 340000]  578.3s  rate=  588/s  try=661147
[ 342000]  582.4s  rate=  587/s  try=210431
[ 344000]  586.2s  rate=  587/s  try=596723
[ 346000]  590.3s  rate=  586/s  try=875886
[ 348000]  594.4s  rate=  585/s  try=047940
[ 350000]  597.9s  rate=  585/s  try=599249
[ 352000]  601.5s  rate=  585/s  try=855960
[ 354000]  605.4s  rate=  585/s  try=796075
[ 356000]  608.9s  rate=  585/s  try=867535
[ 358000]  612.8s  rate=  584/s  try=983783
[ 360000]  616.4s  rate=  584/s  try=000744
[ 362000]  620.4s  rate=  584/s  try=896303
[ 364000]  624.3s  rate=  583/s  try=672075
[ 366000]  627.7s  rate=  583/s  try=300872
[ 368000]  631.7s  rate=  583/s  try=737080
[ 370000]  635.4s  rate=  582/s  try=727112
[ 372000]  639.4s  rate=  582/s  try=347324
[ 374000]  643.2s  rate=  582/s  try=271123
[ 376000]  647.0s  rate=  581/s  try=885648
[ 378000]  651.0s  rate=  581/s  try=295812
[ 380000]  655.0s  rate=  580/s  try=292656
[ 382000]  659.0s  rate=  580/s  try=457738
[ 384000]  662.7s  rate=  579/s  try=565069
[ 386000]  666.4s  rate=  579/s  try=740076
[ 388000]  670.5s  rate=  579/s  try=568597
[ 390000]  674.4s  rate=  578/s  try=798997
[ 392000]  678.4s  rate=  578/s  try=343947
[ 394000]  682.6s  rate=  577/s  try=501760
[ 396000]  687.2s  rate=  576/s  try=207861
[ 398000]  690.8s  rate=  576/s  try=354275
[ 400000]  694.9s  rate=  576/s  try=065597
[ 402000]  698.7s  rate=  575/s  try=943584
[ 404000]  702.4s  rate=  575/s  try=317589
[ 406000]  706.6s  rate=  575/s  try=814994
[ 408000]  710.4s  rate=  574/s  try=603723
[ 410000]  714.3s  rate=  574/s  try=714021
[ 412000]  717.7s  rate=  574/s  try=796774
[ 414000]  721.4s  rate=  574/s  try=220468
[ 416000]  725.3s  rate=  574/s  try=108467
[ 418000]  729.2s  rate=  573/s  try=483605
[ 420000]  733.4s  rate=  573/s  try=946453
[ 422000]  737.0s  rate=  573/s  try=873374
[ 424000]  740.7s  rate=  572/s  try=371593
[ 426000]  744.4s  rate=  572/s  try=175167
[ 428000]  748.3s  rate=  572/s  try=012114
[ 430000]  752.2s  rate=  572/s  try=299747
[ 432000]  756.0s  rate=  571/s  try=698538
[ 434000]  760.0s  rate=  571/s  try=652228
[ 436000]  763.3s  rate=  571/s  try=180717
[ 438000]  766.9s  rate=  571/s  try=370653
[ 440000]  770.6s  rate=  571/s  try=184389
[ 442000]  774.4s  rate=  571/s  try=527398
[ 444000]  778.2s  rate=  571/s  try=538012
[ 446000]  781.9s  rate=  570/s  try=658573
[ 448000]  785.5s  rate=  570/s  try=063303
[ 450000]  789.2s  rate=  570/s  try=884353
[ 452000]  792.9s  rate=  570/s  try=768584
[ 454000]  796.8s  rate=  570/s  try=137626
[ 456000]  800.7s  rate=  569/s  try=406645
[ 458000]  804.8s  rate=  569/s  try=304675
[ 460000]  809.0s  rate=  569/s  try=890209
[ 462000]  813.1s  rate=  568/s  try=152169
[ 464000]  816.8s  rate=  568/s  try=093070
[ 466000]  820.7s  rate=  568/s  try=956203
[ 468000]  824.5s  rate=  568/s  try=572868
[ 470000]  828.3s  rate=  567/s  try=198745
[ 472000]  832.3s  rate=  567/s  try=400458
[ 474000]  836.8s  rate=  566/s  try=528576
[ 476000]  840.7s  rate=  566/s  try=709123
[ 478000]  844.5s  rate=  566/s  try=932921
[ 480000]  848.2s  rate=  566/s  try=024094
[ 482000]  851.8s  rate=  566/s  try=059554
[ 484000]  855.8s  rate=  566/s  try=269008
[ 486000]  860.2s  rate=  565/s  try=728655
[ 488000]  864.0s  rate=  565/s  try=293225
[ 490000]  868.0s  rate=  565/s  try=127250
[ 492000]  871.9s  rate=  564/s  try=052091
[ 494000]  875.7s  rate=  564/s  try=501863
[ 496000]  879.2s  rate=  564/s  try=666936
[ 498000]  883.3s  rate=  564/s  try=297381
[ 500000]  887.0s  rate=  564/s  try=474582
[ 502000]  891.0s  rate=  563/s  try=945861
[ 504000]  894.6s  rate=  563/s  try=109659
[ 506000]  898.6s  rate=  563/s  try=469962
[ 508000]  902.7s  rate=  563/s  try=724108
[ 510000]  906.3s  rate=  563/s  try=822648
[ 512000]  910.1s  rate=  563/s  try=653886
[ 514000]  913.8s  rate=  562/s  try=374122
[ 516000]  917.4s  rate=  562/s  try=539962
[ 518000]  921.1s  rate=  562/s  try=663864
[ 520000]  924.9s  rate=  562/s  try=063618
[ 522000]  928.7s  rate=  562/s  try=308734
[ 524000]  932.4s  rate=  562/s  try=113325
[ 526000]  936.2s  rate=  562/s  try=593224
[ 528000]  939.7s  rate=  562/s  try=348649
[ 530000]  943.7s  rate=  562/s  try=099162
[ 532000]  947.6s  rate=  561/s  try=761704
[ 534000]  951.7s  rate=  561/s  try=107321
[ 536000]  955.7s  rate=  561/s  try=920387
[ 538000]  960.2s  rate=  560/s  try=126153
[ 540000]  963.8s  rate=  560/s  try=047366
[ 542000]  967.5s  rate=  560/s  try=748153
[ 544000]  971.4s  rate=  560/s  try=533927
[ 546000]  975.1s  rate=  560/s  try=318919
[ 548000]  978.9s  rate=  560/s  try=163241
[ 550000]  982.5s  rate=  560/s  try=378036
[ 552000]  986.4s  rate=  560/s  try=694355
[ 554000]  990.5s  rate=  559/s  try=861431
[ 556000]  994.8s  rate=  559/s  try=362199
[ 558000]  998.7s  rate=  559/s  try=161448
[ 560000] 1002.8s  rate=  558/s  try=826072
[ 562000] 1006.5s  rate=  558/s  try=999365
[ 564000] 1010.2s  rate=  558/s  try=054228
[ 566000] 1014.7s  rate=  558/s  try=619985
[ 568000] 1018.9s  rate=  557/s  try=425783
[ 570000] 1022.3s  rate=  558/s  try=277332
[ 572000] 1026.4s  rate=  557/s  try=144517
[ 574000] 1030.1s  rate=  557/s  try=106353
[ 576000] 1033.5s  rate=  557/s  try=683511
[ 578000] 1037.0s  rate=  557/s  try=494640
[ 580000] 1040.7s  rate=  557/s  try=421780
[ 582000] 1044.7s  rate=  557/s  try=201857
[ 584000] 1048.5s  rate=  557/s  try=230833
[ 586000] 1052.5s  rate=  557/s  try=325535
[ 588000] 1056.5s  rate=  557/s  try=748670
[ 590000] 1060.5s  rate=  556/s  try=144269
[ 592000] 1064.2s  rate=  556/s  try=901090
[ 594000] 1067.8s  rate=  556/s  try=505554
[ 596000] 1071.3s  rate=  556/s  try=289296
[ 598000] 1074.8s  rate=  556/s  try=221419
[ 600000] 1078.6s  rate=  556/s  try=295193
[ 602000] 1082.8s  rate=  556/s  try=820252
[ 604000] 1086.8s  rate=  556/s  try=458361
[ 606000] 1090.9s  rate=  556/s  try=852587
[ 608000] 1094.3s  rate=  556/s  try=948653
[ 610000] 1097.7s  rate=  556/s  try=536539
[ 612000] 1101.3s  rate=  556/s  try=670736
[ 614000] 1105.1s  rate=  556/s  try=367948
[ 616000] 1108.8s  rate=  556/s  try=596958
[ 618000] 1112.9s  rate=  555/s  try=213769
[ 620000] 1116.7s  rate=  555/s  try=400988
[ 622000] 1120.6s  rate=  555/s  try=641086
[ 624000] 1124.5s  rate=  555/s  try=691416
[ 626000] 1128.5s  rate=  555/s  try=115126
[ 628000] 1132.3s  rate=  555/s  try=460320
[ 630000] 1136.3s  rate=  554/s  try=199710
[ 632000] 1140.4s  rate=  554/s  try=672251
[ 634000] 1144.5s  rate=  554/s  try=424181
[ 636000] 1148.2s  rate=  554/s  try=927089
[ 638000] 1152.3s  rate=  554/s  try=130597
[ 640000] 1156.1s  rate=  554/s  try=115790
[ 642000] 1159.7s  rate=  554/s  try=529504
[ 644000] 1163.5s  rate=  553/s  try=876919
[ 646000] 1167.7s  rate=  553/s  try=049415
[ 648000] 1171.5s  rate=  553/s  try=676984
[ 650000] 1175.1s  rate=  553/s  try=395185
[ 652000] 1178.8s  rate=  553/s  try=585675
[ 654000] 1182.5s  rate=  553/s  try=638606
[ 656000] 1186.3s  rate=  553/s  try=762424
[ 658000] 1190.0s  rate=  553/s  try=848100
[ 660000] 1193.7s  rate=  553/s  try=008327
[ 662000] 1197.4s  rate=  553/s  try=632558
[ 664000] 1201.3s  rate=  553/s  try=049548
[ 666000] 1205.8s  rate=  552/s  try=519930
[ 668000] 1209.3s  rate=  552/s  try=449814
[ 670000] 1213.1s  rate=  552/s  try=729223
[ 672000] 1216.9s  rate=  552/s  try=207709
[ 674000] 1220.7s  rate=  552/s  try=367415
[ 676000] 1224.1s  rate=  552/s  try=854162
[ 678000] 1227.3s  rate=  552/s  try=895421
[ 680000] 1230.5s  rate=  553/s  try=553825
[ 682000] 1233.7s  rate=  553/s  try=527817
[ 684000] 1236.8s  rate=  553/s  try=805331
[ 686000] 1239.8s  rate=  553/s  try=768176
[ 688000] 1243.2s  rate=  553/s  try=308033
[ 690000] 1246.4s  rate=  554/s  try=169475
[ 692000] 1249.7s  rate=  554/s  try=237670
[ 694000] 1253.0s  rate=  554/s  try=188499
[ 696000] 1256.5s  rate=  554/s  try=524658
[ 698000] 1259.8s  rate=  554/s  try=915012
[ 700000] 1263.0s  rate=  554/s  try=566473
[ 702000] 1266.5s  rate=  554/s  try=206819
[ 704000] 1270.8s  rate=  554/s  try=998735
[ 706000] 1274.0s  rate=  554/s  try=735602
[ 708000] 1277.2s  rate=  554/s  try=452600
[ 710000] 1280.3s  rate=  555/s  try=041745
[ 712000] 1283.6s  rate=  555/s  try=106099
[ 714000] 1287.0s  rate=  555/s  try=933880
[ 716000] 1289.9s  rate=  555/s  try=812548
[ 718000] 1292.8s  rate=  555/s  try=339086
[ 720000] 1295.7s  rate=  556/s  try=083557
[ 722000] 1299.1s  rate=  556/s  try=695830
[ 724000] 1302.2s  rate=  556/s  try=465518
[ 726000] 1305.3s  rate=  556/s  try=294216
[ 728000] 1308.3s  rate=  556/s  try=324059
[ 730000] 1311.2s  rate=  557/s  try=559624
[ 732000] 1314.3s  rate=  557/s  try=493927
[ 734000] 1317.4s  rate=  557/s  try=774934
[ 736000] 1320.6s  rate=  557/s  try=980937
[ 738000] 1323.7s  rate=  558/s  try=077940
[ 740000] 1326.8s  rate=  558/s  try=821447
[ 742000] 1330.2s  rate=  558/s  try=244622
[ 744000] 1333.8s  rate=  558/s  try=497969
[ 746000] 1337.2s  rate=  558/s  try=935668
[ 748000] 1340.3s  rate=  558/s  try=824236
[ 750000] 1343.6s  rate=  558/s  try=603936
[ 752000] 1346.9s  rate=  558/s  try=900308
[ 754000] 1350.2s  rate=  558/s  try=186206
[ 756000] 1353.4s  rate=  559/s  try=932126
[ 758000] 1356.7s  rate=  559/s  try=704914
[ 760000] 1359.8s  rate=  559/s  try=041172
[ 762000] 1362.8s  rate=  559/s  try=512284
[ 764000] 1366.2s  rate=  559/s  try=254642
[ 766000] 1369.4s  rate=  559/s  try=124442
[ 768000] 1372.7s  rate=  559/s  try=798459
[ 770000] 1376.2s  rate=  560/s  try=994480
[ 772000] 1379.6s  rate=  560/s  try=301921
[ 774000] 1382.9s  rate=  560/s  try=877669
[ 776000] 1386.4s  rate=  560/s  try=819031

[+] HIT otp=424030
[+] FLAG = TOGOGO-flag{d8acdf42-19f1-4055-8da1-b06e8c69bf06}
